<?xml version="1.0" encoding="UTF-8"?>
<testsuite name="cmolisee.leetcodekotlin.LinkedListTest" tests="4" skipped="0" failures="0" errors="0" timestamp="2023-09-11T16:44:07" hostname="Codys-MBP" time="0.017">
  <properties/>
  <testcase name="testAdd()" classname="cmolisee.leetcodekotlin.LinkedListTest" time="0.003"/>
  <testcase name="testRemoveMissing()" classname="cmolisee.leetcodekotlin.LinkedListTest" time="0.003"/>
  <testcase name="testRemove()" classname="cmolisee.leetcodekotlin.LinkedListTest" time="0.004"/>
  <testcase name="testConstructor()" classname="cmolisee.leetcodekotlin.LinkedListTest" time="0.0"/>
  <system-out><![CDATA[]]></system-out>
  <system-err><![CDATA[]]></system-err>
</testsuite>
