<?xml version="1.0" encoding="UTF-8"?>
<testsuite name="cmolisee.leetcodekotlin.TopInterview150.RotateArrayTest" tests="3" skipped="0" failures="0" errors="0" timestamp="2023-09-14T17:38:02" hostname="MPC-F45K1MD6R" time="0.006">
  <properties/>
  <testcase name="example1()" classname="cmolisee.leetcodekotlin.TopInterview150.RotateArrayTest" time="0.004"/>
  <testcase name="example2()" classname="cmolisee.leetcodekotlin.TopInterview150.RotateArrayTest" time="0.001"/>
  <testcase name="example3()" classname="cmolisee.leetcodekotlin.TopInterview150.RotateArrayTest" time="0.0"/>
  <system-out><![CDATA[rotate array 3 positions to the right: [1, 2, 3, 4, 5, 6, 7]
k is 3, n is 3,
1: [7, 6, 5, 4, 3, 2, 1]
2: [5, 6, 7, 4, 3, 2, 1]
3: [5, 6, 7, 1, 2, 3, 4]
rotate array 2 positions to the right: [-1, -100, 3, 99]
k is 2, n is 2,
1: [99, 3, -100, -1]
2: [3, 99, -100, -1]
3: [3, 99, -1, -100]
rotate array 3 positions to the right: [1, 2]
k is 3, n is 1,
1: [2, 1]
2: [2, 1]
3: [2, 1]
]]></system-out>
  <system-err><![CDATA[]]></system-err>
</testsuite>
