<?xml version="1.0" encoding="UTF-8"?>
<testsuite name="cmolisee.leetcodekotlin.TopInterview150.MaxProfitTest" tests="2" skipped="0" failures="0" errors="0" timestamp="2023-09-14T23:53:54" hostname="MPC-F45K1MD6R" time="0.002">
  <properties/>
  <testcase name="example1()" classname="cmolisee.leetcodekotlin.TopInterview150.MaxProfitTest" time="0.001"/>
  <testcase name="example2()" classname="cmolisee.leetcodekotlin.TopInterview150.MaxProfitTest" time="0.0"/>
  <system-out><![CDATA[calculate max profit in [7, 1, 5, 3, 6, 4]
calculate max profit in [8, 7, 6, 5, 4, 3, 2, 1]
]]></system-out>
  <system-err><![CDATA[]]></system-err>
</testsuite>
