<?xml version="1.0" encoding="UTF-8"?>
<testsuite name="cmolisee.leetcodekotlin.TopInterview150.RemoveDuplicatesTest" tests="3" skipped="0" failures="0" errors="0" timestamp="2023-09-11T16:44:07" hostname="Codys-MBP" time="0.024">
  <properties/>
  <testcase name="example1()" classname="cmolisee.leetcodekotlin.TopInterview150.RemoveDuplicatesTest" time="0.018"/>
  <testcase name="example2()" classname="cmolisee.leetcodekotlin.TopInterview150.RemoveDuplicatesTest" time="0.001"/>
  <testcase name="example3()" classname="cmolisee.leetcodekotlin.TopInterview150.RemoveDuplicatesTest" time="0.001"/>
  <system-out><![CDATA[removing duplicates from [1, 1, 2]
removing duplicates from [0, 0, 1, 1, 1, 2, 2, 3, 3, 4]
removing duplicates from [1, 1]
]]></system-out>
  <system-err><![CDATA[]]></system-err>
</testsuite>
