<?xml version="1.0" encoding="UTF-8"?>
<testsuite name="cmolisee.leetcodekotlin.TopInterview150.MergeSortedArraysTest" tests="3" skipped="0" failures="0" errors="0" timestamp="2023-09-14T17:38:02" hostname="MPC-F45K1MD6R" time="0.006">
  <properties/>
  <testcase name="example1()" classname="cmolisee.leetcodekotlin.TopInterview150.MergeSortedArraysTest" time="0.003"/>
  <testcase name="example2()" classname="cmolisee.leetcodekotlin.TopInterview150.MergeSortedArraysTest" time="0.001"/>
  <testcase name="example3()" classname="cmolisee.leetcodekotlin.TopInterview150.MergeSortedArraysTest" time="0.0"/>
  <system-out><![CDATA[merging sorted arrays: [1, 2, 3, 0, 0, 0] and [2, 5, 6]
merging sorted arrays: [1] and []
merging sorted arrays: [0] and [1]
]]></system-out>
  <system-err><![CDATA[]]></system-err>
</testsuite>
