<?xml version="1.0" encoding="UTF-8"?>
<testsuite name="cmolisee.leetcodekotlin.TopInterview150.RemoveDuplicatesTwoTest" tests="4" skipped="0" failures="0" errors="0" timestamp="2023-09-14T17:38:02" hostname="MPC-F45K1MD6R" time="0.004">
  <properties/>
  <testcase name="example1B()" classname="cmolisee.leetcodekotlin.TopInterview150.RemoveDuplicatesTwoTest" time="0.001"/>
  <testcase name="example2B()" classname="cmolisee.leetcodekotlin.TopInterview150.RemoveDuplicatesTwoTest" time="0.001"/>
  <testcase name="example1()" classname="cmolisee.leetcodekotlin.TopInterview150.RemoveDuplicatesTwoTest" time="0.001"/>
  <testcase name="example2()" classname="cmolisee.leetcodekotlin.TopInterview150.RemoveDuplicatesTwoTest" time="0.001"/>
  <system-out><![CDATA[removing duplicates from [1, 1, 1, 2, 2, 3]
removing duplicates from [0, 0, 1, 1, 1, 1, 2, 3, 3]
removing duplicates from [1, 1, 1, 2, 2, 3]
removing duplicates from [0, 0, 1, 1, 1, 1, 2, 3, 3]
]]></system-out>
  <system-err><![CDATA[]]></system-err>
</testsuite>
