<?xml version="1.0" encoding="UTF-8"?>
<testsuite name="cmolisee.leetcodekotlin.LinkedListTest" tests="4" skipped="0" failures="0" errors="0" timestamp="2023-08-28T18:02:17" hostname="Codys-MacBook-Pro.local" time="0.021">
  <properties/>
  <testcase name="testAdd()" classname="cmolisee.leetcodekotlin.LinkedListTest" time="0.003"/>
  <testcase name="testRemoveMissing()" classname="cmolisee.leetcodekotlin.LinkedListTest" time="0.001"/>
  <testcase name="testRemove()" classname="cmolisee.leetcodekotlin.LinkedListTest" time="0.005"/>
  <testcase name="testConstructor()" classname="cmolisee.leetcodekotlin.LinkedListTest" time="0.001"/>
  <system-out><![CDATA[]]></system-out>
  <system-err><![CDATA[]]></system-err>
</testsuite>
