<?xml version="1.0" encoding="UTF-8"?>
<testsuite name="cmolisee.leetcodekotlin.TopInterview150.RotateArrayTest" tests="3" skipped="0" failures="0" errors="0" timestamp="2023-09-14T23:28:20" hostname="MPC-F45K1MD6R" time="0.005">
  <properties/>
  <testcase name="example1()" classname="cmolisee.leetcodekotlin.TopInterview150.RotateArrayTest" time="0.003"/>
  <testcase name="example2()" classname="cmolisee.leetcodekotlin.TopInterview150.RotateArrayTest" time="0.001"/>
  <testcase name="example3()" classname="cmolisee.leetcodekotlin.TopInterview150.RotateArrayTest" time="0.0"/>
  <system-out><![CDATA[rotate array 3 positions to the right: [1, 2, 3, 4, 5, 6, 7]
rotate array 2 positions to the right: [-1, -100, 3, 99]
rotate array 3 positions to the right: [1, 2]
]]></system-out>
  <system-err><![CDATA[]]></system-err>
</testsuite>
