<?xml version="1.0" encoding="UTF-8"?>
<testsuite name="cmolisee.leetcodekotlin.LinkedListTest" tests="4" skipped="0" failures="0" errors="0" timestamp="2023-08-25T23:08:15" hostname="Codys-MBP" time="0.017">
  <properties/>
  <testcase name="testAdd()" classname="cmolisee.leetcodekotlin.LinkedListTest" time="0.002"/>
  <testcase name="testRemoveMissing()" classname="cmolisee.leetcodekotlin.LinkedListTest" time="0.002"/>
  <testcase name="testRemove()" classname="cmolisee.leetcodekotlin.LinkedListTest" time="0.001"/>
  <testcase name="testConstructor()" classname="cmolisee.leetcodekotlin.LinkedListTest" time="0.003"/>
  <system-out><![CDATA[]]></system-out>
  <system-err><![CDATA[]]></system-err>
</testsuite>
